<?xml version="1.0" encoding="UTF-8"?>
<!-- Generated by org.testng.reporters.JUnitReportReporter -->
<testsuite name="com.fieldservicetest.test.TestFieldServiceApp" tests="1" time="64.574" ignored="0" failures="0" timestamp="14 Mar 2018 12:34:34 GMT" skipped="0" hostname="ICPL12426" errors="0">
  <testcase name="testfieldSerice" time="64.574" classname="com.fieldservicetest.test.TestFieldServiceApp"/>
</testsuite> <!-- com.fieldservicetest.test.TestFieldServiceApp -->
